D:\универ\ООП\LAB2\LAB2\DEBUG\LAB2.PCH
D:\универ\ООП\LAB2\LAB2\DEBUG\STDAFX.OBJ
D:\УНИВЕР\ООП\LAB2\LAB2\DEBUG\VC100.PDB
D:\универ\ООП\LAB2\LAB2\DEBUG\AUTO.OBJ
D:\универ\ООП\LAB2\LAB2\DEBUG\LAB2.OBJ
D:\универ\ООП\LAB3\LAB2\DEBUG\LAB2.PCH
D:\универ\ООП\LAB3\LAB2\DEBUG\STDAFX.OBJ
D:\УНИВЕР\ООП\LAB3\LAB2\DEBUG\VC100.PDB
D:\универ\ООП\LAB3\LAB2\DEBUG\AUTO.OBJ
D:\универ\ООП\LAB3\LAB2\DEBUG\CAR.OBJ
D:\универ\ООП\LAB3\LAB2\DEBUG\LAB2.OBJ
F:\LAB3\LAB2\DEBUG\LAB2.PCH
F:\LAB3\LAB2\DEBUG\STDAFX.OBJ
F:\LAB3\LAB2\DEBUG\VC100.PDB
F:\LAB3\LAB2\DEBUG\AUTO.OBJ
F:\LAB3\LAB2\DEBUG\CAR.OBJ
F:\LAB3\LAB2\DEBUG\LAB2.OBJ
G:\LAB3\LAB2\DEBUG\LAB2.PCH
G:\LAB3\LAB2\DEBUG\STDAFX.OBJ
G:\LAB3\LAB2\DEBUG\VC100.PDB
G:\LAB3\LAB2\DEBUG\AUTO.OBJ
G:\LAB3\LAB2\DEBUG\CAR.OBJ
G:\LAB3\LAB2\DEBUG\LAB2.OBJ
D:\универ\ООП\LAB4\LAB2\DEBUG\LAB2.PCH
D:\универ\ООП\LAB4\LAB2\DEBUG\STDAFX.OBJ
D:\УНИВЕР\ООП\LAB4\LAB2\DEBUG\VC100.PDB
D:\универ\ООП\LAB4\LAB2\DEBUG\AUTO.OBJ
D:\универ\ООП\LAB4\LAB2\DEBUG\CAR.OBJ
D:\универ\ООП\LAB4\LAB2\DEBUG\CLONE.OBJ
D:\универ\ООП\LAB4\LAB2\DEBUG\INFO.OBJ
D:\универ\ООП\LAB4\LAB2\DEBUG\LAB2.OBJ
D:\универ\ООП\LAB4\LAB2\DEBUG\TAXI.OBJ
D:\универ\ООП\LAB5\LAB2\DEBUG\LAB2.PCH
D:\универ\ООП\LAB5\LAB2\DEBUG\STDAFX.OBJ
D:\УНИВЕР\ООП\LAB5\LAB2\DEBUG\VC100.PDB
D:\универ\ООП\LAB5\LAB2\DEBUG\AUTO.OBJ
D:\универ\ООП\LAB5\LAB2\DEBUG\CAR.OBJ
D:\универ\ООП\LAB5\LAB2\DEBUG\CLONE.OBJ
D:\универ\ООП\LAB5\LAB2\DEBUG\GRUZ.OBJ
D:\универ\ООП\LAB5\LAB2\DEBUG\INFO.OBJ
D:\универ\ООП\LAB5\LAB2\DEBUG\LAB2.OBJ
D:\универ\ООП\LAB5\LAB2\DEBUG\TAXI.OBJ
D:\Новая папка\LAB51\LAB2\DEBUG\LAB2.PCH
D:\Новая папка\LAB51\LAB2\DEBUG\STDAFX.OBJ
D:\НОВАЯ ПАПКА\LAB51\LAB2\DEBUG\VC100.PDB
D:\Новая папка\LAB51\LAB2\DEBUG\AUTO.OBJ
D:\Новая папка\LAB51\LAB2\DEBUG\CAR.OBJ
D:\Новая папка\LAB51\LAB2\DEBUG\CLONE.OBJ
D:\Новая папка\LAB51\LAB2\DEBUG\GRUZ.OBJ
D:\Новая папка\LAB51\LAB2\DEBUG\INFO.OBJ
D:\Новая папка\LAB51\LAB2\DEBUG\LAB2.OBJ
D:\Новая папка\LAB51\LAB2\DEBUG\TAXI.OBJ
C:\USERS\LOL\DESKTOP\LAB51\LAB2\DEBUG\LAB2.PCH
C:\USERS\LOL\DESKTOP\LAB51\LAB2\DEBUG\STDAFX.OBJ
C:\USERS\LOL\DESKTOP\LAB51\LAB2\DEBUG\VC100.PDB
C:\USERS\LOL\DESKTOP\LAB51\LAB2\DEBUG\AUTO.OBJ
C:\USERS\LOL\DESKTOP\LAB51\LAB2\DEBUG\CAR.OBJ
C:\USERS\LOL\DESKTOP\LAB51\LAB2\DEBUG\CLONE.OBJ
C:\USERS\LOL\DESKTOP\LAB51\LAB2\DEBUG\INFO.OBJ
C:\USERS\LOL\DESKTOP\LAB51\LAB2\DEBUG\TAXI.OBJ
C:\USERS\LOL\DESKTOP\LAB51\LAB2\DEBUG\GRUZ.OBJ
C:\USERS\LOL\DESKTOP\LAB51\LAB2\DEBUG\LAB2.OBJ
D:\универ\ООП\LAB51\LAB2\DEBUG\LAB2.PCH
D:\универ\ООП\LAB51\LAB2\DEBUG\STDAFX.OBJ
D:\УНИВЕР\ООП\LAB51\LAB2\DEBUG\VC100.PDB
D:\универ\ООП\LAB51\LAB2\DEBUG\AUTO.OBJ
D:\универ\ООП\LAB51\LAB2\DEBUG\CAR.OBJ
D:\универ\ООП\LAB51\LAB2\DEBUG\CLONE.OBJ
D:\универ\ООП\LAB51\LAB2\DEBUG\GRUZ.OBJ
D:\универ\ООП\LAB51\LAB2\DEBUG\INFO.OBJ
D:\универ\ООП\LAB51\LAB2\DEBUG\LAB2.OBJ
D:\универ\ООП\LAB51\LAB2\DEBUG\TAXI.OBJ
D:\универ\ООП\LAB6\LAB2\DEBUG\LAB2.PCH
D:\универ\ООП\LAB6\LAB2\DEBUG\STDAFX.OBJ
D:\УНИВЕР\ООП\LAB6\LAB2\DEBUG\VC100.PDB
D:\универ\ООП\LAB6\LAB2\DEBUG\AUTO.OBJ
D:\универ\ООП\LAB6\LAB2\DEBUG\CLONE.OBJ
D:\универ\ООП\LAB6\LAB2\DEBUG\GRUZ.OBJ
D:\универ\ООП\LAB6\LAB2\DEBUG\INFO.OBJ
D:\универ\ООП\LAB6\LAB2\DEBUG\LAB2.OBJ
D:\универ\ООП\LAB6\LAB2\DEBUG\CAR.OBJ
D:\универ\ООП\LAB6\LAB2\DEBUG\TAXI.OBJ
C:\USERS\SAMS\DESKTOP\Курсовик  ООП\LAB2\DEBUG\LAB2.PCH
C:\USERS\SAMS\DESKTOP\Курсовик  ООП\LAB2\DEBUG\STDAFX.OBJ
C:\USERS\SAMS\DESKTOP\КУРСОВИК  ООП\LAB2\DEBUG\VC100.PDB
C:\USERS\SAMS\DESKTOP\Курсовик  ООП\LAB2\DEBUG\AUTO.OBJ
C:\USERS\SAMS\DESKTOP\Курсовик  ООП\LAB2\DEBUG\CAR.OBJ
C:\USERS\SAMS\DESKTOP\Курсовик  ООП\LAB2\DEBUG\CLONE.OBJ
C:\USERS\SAMS\DESKTOP\Курсовик  ООП\LAB2\DEBUG\GRUZ.OBJ
C:\USERS\SAMS\DESKTOP\Курсовик  ООП\LAB2\DEBUG\INFO.OBJ
C:\USERS\SAMS\DESKTOP\Курсовик  ООП\LAB2\DEBUG\LAB2.OBJ
C:\USERS\SAMS\DESKTOP\Курсовик  ООП\LAB2\DEBUG\TAXI.OBJ
C:\USERS\SAMS\DESKTOP\Курсовик  ООП\LAB2\DEBUG\BUS.OBJ
D:\DROPBOX\универ\ООП\Курсовик  ООП\LAB2\DEBUG\LAB2.PCH
D:\DROPBOX\универ\ООП\Курсовик  ООП\LAB2\DEBUG\STDAFX.OBJ
D:\DROPBOX\УНИВЕР\ООП\КУРСОВИК  ООП\LAB2\DEBUG\VC100.PDB
D:\DROPBOX\универ\ООП\Курсовик  ООП\LAB2\DEBUG\AUTO.OBJ
D:\DROPBOX\универ\ООП\Курсовик  ООП\LAB2\DEBUG\BUS.OBJ
D:\DROPBOX\универ\ООП\Курсовик  ООП\LAB2\DEBUG\CAR.OBJ
D:\DROPBOX\универ\ООП\Курсовик  ООП\LAB2\DEBUG\GRUZ.OBJ
D:\DROPBOX\универ\ООП\Курсовик  ООП\LAB2\DEBUG\INFO.OBJ
D:\DROPBOX\универ\ООП\Курсовик  ООП\LAB2\DEBUG\LAB2.OBJ
D:\DROPBOX\универ\ООП\Курсовик  ООП\LAB2\DEBUG\TAXI.OBJ
C:\USERS\ARTEM\DESKTOP\Курсовик  ООП\LAB2\DEBUG\LAB2.PCH
C:\USERS\ARTEM\DESKTOP\Курсовик  ООП\LAB2\DEBUG\STDAFX.OBJ
C:\USERS\ARTEM\DESKTOP\КУРСОВИК  ООП\LAB2\DEBUG\VC110.PDB
C:\USERS\ARTEM\DESKTOP\Курсовик  ООП\LAB2\DEBUG\AUTO.OBJ
C:\USERS\ARTEM\DESKTOP\Курсовик  ООП\LAB2\DEBUG\BUS.OBJ
C:\USERS\ARTEM\DESKTOP\Курсовик  ООП\LAB2\DEBUG\CAR.OBJ
C:\USERS\ARTEM\DESKTOP\Курсовик  ООП\LAB2\DEBUG\GRUZ.OBJ
C:\USERS\ARTEM\DESKTOP\Курсовик  ООП\LAB2\DEBUG\INFO.OBJ
C:\USERS\ARTEM\DESKTOP\Курсовик  ООП\LAB2\DEBUG\LAB2.OBJ
C:\USERS\ARTEM\DESKTOP\Курсовик  ООП\LAB2\DEBUG\TAXI.OBJ
D:\универ\ООП\LAB2\DEBUG\LAB2.ILK
D:\универ\ООП\LAB2\DEBUG\LAB2.EXE
D:\универ\ООП\LAB2\LAB2\DEBUG\LAB2.EXE.INTERMEDIATE.MANIFEST
D:\УНИВЕР\ООП\LAB2\DEBUG\LAB2.PDB
D:\универ\ООП\LAB3\DEBUG\LAB2.ILK
D:\универ\ООП\LAB3\DEBUG\LAB2.EXE
D:\универ\ООП\LAB3\LAB2\DEBUG\LAB2.EXE.INTERMEDIATE.MANIFEST
D:\УНИВЕР\ООП\LAB3\DEBUG\LAB2.PDB
F:\LAB3\DEBUG\LAB2.ILK
F:\LAB3\DEBUG\LAB2.EXE
F:\LAB3\LAB2\DEBUG\LAB2.EXE.INTERMEDIATE.MANIFEST
F:\LAB3\DEBUG\LAB2.PDB
G:\LAB3\DEBUG\LAB2.ILK
G:\LAB3\DEBUG\LAB2.EXE
G:\LAB3\LAB2\DEBUG\LAB2.EXE.INTERMEDIATE.MANIFEST
G:\LAB3\DEBUG\LAB2.PDB
D:\универ\ООП\LAB4\DEBUG\LAB2.ILK
D:\универ\ООП\LAB4\DEBUG\LAB2.EXE
D:\универ\ООП\LAB4\LAB2\DEBUG\LAB2.EXE.INTERMEDIATE.MANIFEST
D:\УНИВЕР\ООП\LAB4\DEBUG\LAB2.PDB
D:\универ\ООП\LAB5\DEBUG\LAB2.ILK
D:\универ\ООП\LAB5\DEBUG\LAB2.EXE
D:\универ\ООП\LAB5\LAB2\DEBUG\LAB2.EXE.INTERMEDIATE.MANIFEST
D:\УНИВЕР\ООП\LAB5\DEBUG\LAB2.PDB
D:\Новая папка\LAB51\DEBUG\LAB2.ILK
D:\Новая папка\LAB51\DEBUG\LAB2.EXE
D:\Новая папка\LAB51\LAB2\DEBUG\LAB2.EXE.INTERMEDIATE.MANIFEST
D:\НОВАЯ ПАПКА\LAB51\DEBUG\LAB2.PDB
C:\USERS\LOL\DESKTOP\LAB51\DEBUG\LAB2.ILK
C:\USERS\LOL\DESKTOP\LAB51\DEBUG\LAB2.EXE
C:\USERS\LOL\DESKTOP\LAB51\LAB2\DEBUG\LAB2.EXE.INTERMEDIATE.MANIFEST
C:\USERS\LOL\DESKTOP\LAB51\DEBUG\LAB2.PDB
D:\универ\ООП\LAB51\DEBUG\LAB2.ILK
D:\универ\ООП\LAB51\DEBUG\LAB2.EXE
D:\универ\ООП\LAB51\LAB2\DEBUG\LAB2.EXE.INTERMEDIATE.MANIFEST
D:\УНИВЕР\ООП\LAB51\DEBUG\LAB2.PDB
D:\универ\ООП\LAB6\DEBUG\LAB2.ILK
D:\универ\ООП\LAB6\DEBUG\LAB2.EXE
D:\универ\ООП\LAB6\LAB2\DEBUG\LAB2.EXE.INTERMEDIATE.MANIFEST
D:\УНИВЕР\ООП\LAB6\DEBUG\LAB2.PDB
C:\USERS\SAMS\DESKTOP\Курсовик  ООП\DEBUG\LAB2.ILK
C:\USERS\SAMS\DESKTOP\Курсовик  ООП\DEBUG\LAB2.EXE
C:\USERS\SAMS\DESKTOP\Курсовик  ООП\LAB2\DEBUG\LAB2.EXE.INTERMEDIATE.MANIFEST
C:\USERS\SAMS\DESKTOP\КУРСОВИК  ООП\DEBUG\LAB2.PDB
D:\DROPBOX\универ\ООП\Курсовик  ООП\DEBUG\LAB2.ILK
D:\DROPBOX\универ\ООП\Курсовик  ООП\DEBUG\LAB2.EXE
D:\DROPBOX\универ\ООП\Курсовик  ООП\LAB2\DEBUG\LAB2.EXE.INTERMEDIATE.MANIFEST
D:\DROPBOX\УНИВЕР\ООП\КУРСОВИК  ООП\DEBUG\LAB2.PDB
D:\универ\ООП\LAB2\LAB2\DEBUG\LAB2.EXE.EMBED.MANIFEST
D:\универ\ООП\LAB2\LAB2\DEBUG\LAB2.EXE.EMBED.MANIFEST.RES
D:\универ\ООП\LAB3\LAB2\DEBUG\LAB2.EXE.EMBED.MANIFEST.RES
F:\LAB3\LAB2\DEBUG\LAB2.EXE.EMBED.MANIFEST.RES
G:\LAB3\LAB2\DEBUG\LAB2.EXE.EMBED.MANIFEST.RES
D:\универ\ООП\LAB4\LAB2\DEBUG\LAB2.EXE.EMBED.MANIFEST.RES
D:\универ\ООП\LAB5\LAB2\DEBUG\LAB2.EXE.EMBED.MANIFEST.RES
D:\Новая папка\LAB51\LAB2\DEBUG\LAB2.EXE.EMBED.MANIFEST.RES
C:\USERS\LOL\DESKTOP\LAB51\LAB2\DEBUG\LAB2.EXE.EMBED.MANIFEST.RES
D:\универ\ООП\LAB51\LAB2\DEBUG\LAB2.EXE.EMBED.MANIFEST.RES
D:\универ\ООП\LAB6\LAB2\DEBUG\LAB2.EXE.EMBED.MANIFEST.RES
C:\USERS\SAMS\DESKTOP\Курсовик  ООП\LAB2\DEBUG\LAB2.EXE.EMBED.MANIFEST.RES
D:\DROPBOX\универ\ООП\Курсовик  ООП\LAB2\DEBUG\LAB2.EXE.EMBED.MANIFEST.RES
C:\Users\Artem\Desktop\Курсовик  ООП\Lab2\Debug\Auto.obj
C:\Users\Artem\Desktop\Курсовик  ООП\Lab2\Debug\Bus.obj
C:\Users\Artem\Desktop\Курсовик  ООП\Lab2\Debug\Car.obj
C:\Users\Artem\Desktop\Курсовик  ООП\Lab2\Debug\Clone.obj
C:\Users\Artem\Desktop\Курсовик  ООП\Lab2\Debug\Gruz.obj
C:\Users\Artem\Desktop\Курсовик  ООП\Lab2\Debug\Info.obj
C:\Users\Artem\Desktop\Курсовик  ООП\Lab2\Debug\Lab2.obj
C:\Users\Artem\Desktop\Курсовик  ООП\Lab2\Debug\stdafx.obj
C:\Users\Artem\Desktop\Курсовик  ООП\Lab2\Debug\Taxi.obj
C:\Users\Artem\Desktop\Курсовик  ООП\Lab2\Debug\cl.command.1.tlog
C:\Users\Artem\Desktop\Курсовик  ООП\Lab2\Debug\CL.read.1.tlog
C:\Users\Artem\Desktop\Курсовик  ООП\Lab2\Debug\CL.write.1.tlog
C:\Users\Artem\Desktop\Курсовик  ООП\Lab2\Debug\link-cvtres.read.1.tlog
C:\Users\Artem\Desktop\Курсовик  ООП\Lab2\Debug\link-cvtres.write.1.tlog
C:\Users\Artem\Desktop\Курсовик  ООП\Lab2\Debug\link-rc.read.1.tlog
C:\Users\Artem\Desktop\Курсовик  ООП\Lab2\Debug\link-rc.write.1.tlog
C:\Users\Artem\Desktop\Курсовик  ООП\Lab2\Debug\link.1056-cvtres.read.1.tlog
C:\Users\Artem\Desktop\Курсовик  ООП\Lab2\Debug\link.1056-cvtres.write.1.tlog
C:\Users\Artem\Desktop\Курсовик  ООП\Lab2\Debug\link.1056.read.1.tlog
C:\Users\Artem\Desktop\Курсовик  ООП\Lab2\Debug\link.1056.write.1.tlog
C:\Users\Artem\Desktop\Курсовик  ООП\Lab2\Debug\link.1072-cvtres.read.1.tlog
C:\Users\Artem\Desktop\Курсовик  ООП\Lab2\Debug\link.1072-cvtres.write.1.tlog
C:\Users\Artem\Desktop\Курсовик  ООП\Lab2\Debug\link.1072.read.1.tlog
C:\Users\Artem\Desktop\Курсовик  ООП\Lab2\Debug\link.1072.write.1.tlog
C:\Users\Artem\Desktop\Курсовик  ООП\Lab2\Debug\link.1240-cvtres.read.1.tlog
C:\Users\Artem\Desktop\Курсовик  ООП\Lab2\Debug\link.1240-cvtres.write.1.tlog
C:\Users\Artem\Desktop\Курсовик  ООП\Lab2\Debug\link.1240.read.1.tlog
C:\Users\Artem\Desktop\Курсовик  ООП\Lab2\Debug\link.1240.write.1.tlog
C:\Users\Artem\Desktop\Курсовик  ООП\Lab2\Debug\link.1304-cvtres.read.1.tlog
C:\Users\Artem\Desktop\Курсовик  ООП\Lab2\Debug\link.1304-cvtres.write.1.tlog
C:\Users\Artem\Desktop\Курсовик  ООП\Lab2\Debug\link.1304.read.1.tlog
C:\Users\Artem\Desktop\Курсовик  ООП\Lab2\Debug\link.1304.write.1.tlog
C:\Users\Artem\Desktop\Курсовик  ООП\Lab2\Debug\link.1376-cvtres.read.1.tlog
C:\Users\Artem\Desktop\Курсовик  ООП\Lab2\Debug\link.1376-cvtres.write.1.tlog
C:\Users\Artem\Desktop\Курсовик  ООП\Lab2\Debug\link.1376.read.1.tlog
C:\Users\Artem\Desktop\Курсовик  ООП\Lab2\Debug\link.1376.write.1.tlog
C:\Users\Artem\Desktop\Курсовик  ООП\Lab2\Debug\link.1456-cvtres.read.1.tlog
C:\Users\Artem\Desktop\Курсовик  ООП\Lab2\Debug\link.1456-cvtres.write.1.tlog
C:\Users\Artem\Desktop\Курсовик  ООП\Lab2\Debug\link.1456.read.1.tlog
C:\Users\Artem\Desktop\Курсовик  ООП\Lab2\Debug\link.1456.write.1.tlog
C:\Users\Artem\Desktop\Курсовик  ООП\Lab2\Debug\link.1476-cvtres.read.1.tlog
C:\Users\Artem\Desktop\Курсовик  ООП\Lab2\Debug\link.1476-cvtres.write.1.tlog
C:\Users\Artem\Desktop\Курсовик  ООП\Lab2\Debug\link.1476.read.1.tlog
C:\Users\Artem\Desktop\Курсовик  ООП\Lab2\Debug\link.1476.write.1.tlog
C:\Users\Artem\Desktop\Курсовик  ООП\Lab2\Debug\link.1556-cvtres.read.1.tlog
C:\Users\Artem\Desktop\Курсовик  ООП\Lab2\Debug\link.1556-cvtres.write.1.tlog
C:\Users\Artem\Desktop\Курсовик  ООП\Lab2\Debug\link.1556.read.1.tlog
C:\Users\Artem\Desktop\Курсовик  ООП\Lab2\Debug\link.1556.write.1.tlog
C:\Users\Artem\Desktop\Курсовик  ООП\Lab2\Debug\link.2032-cvtres.read.1.tlog
C:\Users\Artem\Desktop\Курсовик  ООП\Lab2\Debug\link.2032-cvtres.write.1.tlog
C:\Users\Artem\Desktop\Курсовик  ООП\Lab2\Debug\link.2032.read.1.tlog
C:\Users\Artem\Desktop\Курсовик  ООП\Lab2\Debug\link.2032.write.1.tlog
C:\Users\Artem\Desktop\Курсовик  ООП\Lab2\Debug\link.2112-cvtres.read.1.tlog
C:\Users\Artem\Desktop\Курсовик  ООП\Lab2\Debug\link.2112-cvtres.write.1.tlog
C:\Users\Artem\Desktop\Курсовик  ООП\Lab2\Debug\link.2112.read.1.tlog
C:\Users\Artem\Desktop\Курсовик  ООП\Lab2\Debug\link.2112.write.1.tlog
C:\Users\Artem\Desktop\Курсовик  ООП\Lab2\Debug\link.2264-cvtres.read.1.tlog
C:\Users\Artem\Desktop\Курсовик  ООП\Lab2\Debug\link.2264-cvtres.write.1.tlog
C:\Users\Artem\Desktop\Курсовик  ООП\Lab2\Debug\link.2264.read.1.tlog
C:\Users\Artem\Desktop\Курсовик  ООП\Lab2\Debug\link.2264.write.1.tlog
C:\Users\Artem\Desktop\Курсовик  ООП\Lab2\Debug\link.2288-cvtres.read.1.tlog
C:\Users\Artem\Desktop\Курсовик  ООП\Lab2\Debug\link.2288-cvtres.write.1.tlog
C:\Users\Artem\Desktop\Курсовик  ООП\Lab2\Debug\link.2288.read.1.tlog
C:\Users\Artem\Desktop\Курсовик  ООП\Lab2\Debug\link.2288.write.1.tlog
C:\Users\Artem\Desktop\Курсовик  ООП\Lab2\Debug\link.3300-cvtres.read.1.tlog
C:\Users\Artem\Desktop\Курсовик  ООП\Lab2\Debug\link.3300-cvtres.write.1.tlog
C:\Users\Artem\Desktop\Курсовик  ООП\Lab2\Debug\link.3300.read.1.tlog
C:\Users\Artem\Desktop\Курсовик  ООП\Lab2\Debug\link.3300.write.1.tlog
C:\Users\Artem\Desktop\Курсовик  ООП\Lab2\Debug\link.3304-cvtres.read.1.tlog
C:\Users\Artem\Desktop\Курсовик  ООП\Lab2\Debug\link.3304-cvtres.write.1.tlog
C:\Users\Artem\Desktop\Курсовик  ООП\Lab2\Debug\link.3304.read.1.tlog
C:\Users\Artem\Desktop\Курсовик  ООП\Lab2\Debug\link.3304.write.1.tlog
C:\Users\Artem\Desktop\Курсовик  ООП\Lab2\Debug\link.3488-cvtres.read.1.tlog
C:\Users\Artem\Desktop\Курсовик  ООП\Lab2\Debug\link.3488-cvtres.write.1.tlog
C:\Users\Artem\Desktop\Курсовик  ООП\Lab2\Debug\link.3488.read.1.tlog
C:\Users\Artem\Desktop\Курсовик  ООП\Lab2\Debug\link.3488.write.1.tlog
C:\Users\Artem\Desktop\Курсовик  ООП\Lab2\Debug\link.3568-cvtres.read.1.tlog
C:\Users\Artem\Desktop\Курсовик  ООП\Lab2\Debug\link.3568-cvtres.write.1.tlog
C:\Users\Artem\Desktop\Курсовик  ООП\Lab2\Debug\link.3568.read.1.tlog
C:\Users\Artem\Desktop\Курсовик  ООП\Lab2\Debug\link.3568.write.1.tlog
C:\Users\Artem\Desktop\Курсовик  ООП\Lab2\Debug\link.3696-cvtres.read.1.tlog
C:\Users\Artem\Desktop\Курсовик  ООП\Lab2\Debug\link.3696-cvtres.write.1.tlog
C:\Users\Artem\Desktop\Курсовик  ООП\Lab2\Debug\link.3696.read.1.tlog
C:\Users\Artem\Desktop\Курсовик  ООП\Lab2\Debug\link.3696.write.1.tlog
C:\Users\Artem\Desktop\Курсовик  ООП\Lab2\Debug\link.3988-cvtres.read.1.tlog
C:\Users\Artem\Desktop\Курсовик  ООП\Lab2\Debug\link.3988-cvtres.write.1.tlog
C:\Users\Artem\Desktop\Курсовик  ООП\Lab2\Debug\link.3988.read.1.tlog
C:\Users\Artem\Desktop\Курсовик  ООП\Lab2\Debug\link.3988.write.1.tlog
C:\Users\Artem\Desktop\Курсовик  ООП\Lab2\Debug\link.4016-cvtres.read.1.tlog
C:\Users\Artem\Desktop\Курсовик  ООП\Lab2\Debug\link.4016-cvtres.write.1.tlog
C:\Users\Artem\Desktop\Курсовик  ООП\Lab2\Debug\link.4016.read.1.tlog
C:\Users\Artem\Desktop\Курсовик  ООП\Lab2\Debug\link.4016.write.1.tlog
C:\Users\Artem\Desktop\Курсовик  ООП\Lab2\Debug\link.4100-cvtres.read.1.tlog
C:\Users\Artem\Desktop\Курсовик  ООП\Lab2\Debug\link.4100-cvtres.write.1.tlog
C:\Users\Artem\Desktop\Курсовик  ООП\Lab2\Debug\link.4100.read.1.tlog
C:\Users\Artem\Desktop\Курсовик  ООП\Lab2\Debug\link.4100.write.1.tlog
C:\Users\Artem\Desktop\Курсовик  ООП\Lab2\Debug\link.4124-cvtres.read.1.tlog
C:\Users\Artem\Desktop\Курсовик  ООП\Lab2\Debug\link.4124-cvtres.write.1.tlog
C:\Users\Artem\Desktop\Курсовик  ООП\Lab2\Debug\link.4124.read.1.tlog
C:\Users\Artem\Desktop\Курсовик  ООП\Lab2\Debug\link.4124.write.1.tlog
C:\Users\Artem\Desktop\Курсовик  ООП\Lab2\Debug\link.4144-cvtres.read.1.tlog
C:\Users\Artem\Desktop\Курсовик  ООП\Lab2\Debug\link.4144-cvtres.write.1.tlog
C:\Users\Artem\Desktop\Курсовик  ООП\Lab2\Debug\link.4144.read.1.tlog
C:\Users\Artem\Desktop\Курсовик  ООП\Lab2\Debug\link.4144.write.1.tlog
C:\Users\Artem\Desktop\Курсовик  ООП\Lab2\Debug\link.4228-cvtres.read.1.tlog
C:\Users\Artem\Desktop\Курсовик  ООП\Lab2\Debug\link.4228-cvtres.write.1.tlog
C:\Users\Artem\Desktop\Курсовик  ООП\Lab2\Debug\link.4228.read.1.tlog
C:\Users\Artem\Desktop\Курсовик  ООП\Lab2\Debug\link.4228.write.1.tlog
C:\Users\Artem\Desktop\Курсовик  ООП\Lab2\Debug\link.4252-cvtres.read.1.tlog
C:\Users\Artem\Desktop\Курсовик  ООП\Lab2\Debug\link.4252-cvtres.write.1.tlog
C:\Users\Artem\Desktop\Курсовик  ООП\Lab2\Debug\link.4252.read.1.tlog
C:\Users\Artem\Desktop\Курсовик  ООП\Lab2\Debug\link.4252.write.1.tlog
C:\Users\Artem\Desktop\Курсовик  ООП\Lab2\Debug\link.4284-cvtres.read.1.tlog
C:\Users\Artem\Desktop\Курсовик  ООП\Lab2\Debug\link.4284-cvtres.write.1.tlog
C:\Users\Artem\Desktop\Курсовик  ООП\Lab2\Debug\link.4284.read.1.tlog
C:\Users\Artem\Desktop\Курсовик  ООП\Lab2\Debug\link.4284.write.1.tlog
C:\Users\Artem\Desktop\Курсовик  ООП\Lab2\Debug\link.4292-cvtres.read.1.tlog
C:\Users\Artem\Desktop\Курсовик  ООП\Lab2\Debug\link.4292-cvtres.write.1.tlog
C:\Users\Artem\Desktop\Курсовик  ООП\Lab2\Debug\link.4292.read.1.tlog
C:\Users\Artem\Desktop\Курсовик  ООП\Lab2\Debug\link.4292.write.1.tlog
C:\Users\Artem\Desktop\Курсовик  ООП\Lab2\Debug\link.4300-cvtres.read.1.tlog
C:\Users\Artem\Desktop\Курсовик  ООП\Lab2\Debug\link.4300-cvtres.write.1.tlog
C:\Users\Artem\Desktop\Курсовик  ООП\Lab2\Debug\link.4300.read.1.tlog
C:\Users\Artem\Desktop\Курсовик  ООП\Lab2\Debug\link.4300.write.1.tlog
C:\Users\Artem\Desktop\Курсовик  ООП\Lab2\Debug\link.4320-cvtres.read.1.tlog
C:\Users\Artem\Desktop\Курсовик  ООП\Lab2\Debug\link.4320-cvtres.write.1.tlog
C:\Users\Artem\Desktop\Курсовик  ООП\Lab2\Debug\link.4320.read.1.tlog
C:\Users\Artem\Desktop\Курсовик  ООП\Lab2\Debug\link.4320.write.1.tlog
C:\Users\Artem\Desktop\Курсовик  ООП\Lab2\Debug\link.4348-cvtres.read.1.tlog
C:\Users\Artem\Desktop\Курсовик  ООП\Lab2\Debug\link.4348-cvtres.write.1.tlog
C:\Users\Artem\Desktop\Курсовик  ООП\Lab2\Debug\link.4348.read.1.tlog
C:\Users\Artem\Desktop\Курсовик  ООП\Lab2\Debug\link.4348.write.1.tlog
C:\Users\Artem\Desktop\Курсовик  ООП\Lab2\Debug\link.4360-cvtres.read.1.tlog
C:\Users\Artem\Desktop\Курсовик  ООП\Lab2\Debug\link.4360-cvtres.write.1.tlog
C:\Users\Artem\Desktop\Курсовик  ООП\Lab2\Debug\link.4360.read.1.tlog
C:\Users\Artem\Desktop\Курсовик  ООП\Lab2\Debug\link.4360.write.1.tlog
C:\Users\Artem\Desktop\Курсовик  ООП\Lab2\Debug\link.4372-cvtres.read.1.tlog
C:\Users\Artem\Desktop\Курсовик  ООП\Lab2\Debug\link.4372-cvtres.write.1.tlog
C:\Users\Artem\Desktop\Курсовик  ООП\Lab2\Debug\link.4372.read.1.tlog
C:\Users\Artem\Desktop\Курсовик  ООП\Lab2\Debug\link.4372.write.1.tlog
C:\Users\Artem\Desktop\Курсовик  ООП\Lab2\Debug\link.4376-cvtres.read.1.tlog
C:\Users\Artem\Desktop\Курсовик  ООП\Lab2\Debug\link.4376-cvtres.write.1.tlog
C:\Users\Artem\Desktop\Курсовик  ООП\Lab2\Debug\link.4376.read.1.tlog
C:\Users\Artem\Desktop\Курсовик  ООП\Lab2\Debug\link.4376.write.1.tlog
C:\Users\Artem\Desktop\Курсовик  ООП\Lab2\Debug\link.4432-cvtres.read.1.tlog
C:\Users\Artem\Desktop\Курсовик  ООП\Lab2\Debug\link.4432-cvtres.write.1.tlog
C:\Users\Artem\Desktop\Курсовик  ООП\Lab2\Debug\link.4432.read.1.tlog
C:\Users\Artem\Desktop\Курсовик  ООП\Lab2\Debug\link.4432.write.1.tlog
C:\Users\Artem\Desktop\Курсовик  ООП\Lab2\Debug\link.4504-cvtres.read.1.tlog
C:\Users\Artem\Desktop\Курсовик  ООП\Lab2\Debug\link.4504-cvtres.write.1.tlog
C:\Users\Artem\Desktop\Курсовик  ООП\Lab2\Debug\link.4504.read.1.tlog
C:\Users\Artem\Desktop\Курсовик  ООП\Lab2\Debug\link.4504.write.1.tlog
C:\Users\Artem\Desktop\Курсовик  ООП\Lab2\Debug\link.4680-cvtres.read.1.tlog
C:\Users\Artem\Desktop\Курсовик  ООП\Lab2\Debug\link.4680-cvtres.write.1.tlog
C:\Users\Artem\Desktop\Курсовик  ООП\Lab2\Debug\link.4680.read.1.tlog
C:\Users\Artem\Desktop\Курсовик  ООП\Lab2\Debug\link.4680.write.1.tlog
C:\Users\Artem\Desktop\Курсовик  ООП\Lab2\Debug\link.4732-cvtres.read.1.tlog
C:\Users\Artem\Desktop\Курсовик  ООП\Lab2\Debug\link.4732-cvtres.write.1.tlog
C:\Users\Artem\Desktop\Курсовик  ООП\Lab2\Debug\link.4732.read.1.tlog
C:\Users\Artem\Desktop\Курсовик  ООП\Lab2\Debug\link.4732.write.1.tlog
C:\Users\Artem\Desktop\Курсовик  ООП\Lab2\Debug\link.4768-cvtres.read.1.tlog
C:\Users\Artem\Desktop\Курсовик  ООП\Lab2\Debug\link.4768-cvtres.write.1.tlog
C:\Users\Artem\Desktop\Курсовик  ООП\Lab2\Debug\link.4768.read.1.tlog
C:\Users\Artem\Desktop\Курсовик  ООП\Lab2\Debug\link.4768.write.1.tlog
C:\Users\Artem\Desktop\Курсовик  ООП\Lab2\Debug\link.5016-cvtres.read.1.tlog
C:\Users\Artem\Desktop\Курсовик  ООП\Lab2\Debug\link.5016-cvtres.write.1.tlog
C:\Users\Artem\Desktop\Курсовик  ООП\Lab2\Debug\link.5016.read.1.tlog
C:\Users\Artem\Desktop\Курсовик  ООП\Lab2\Debug\link.5016.write.1.tlog
C:\Users\Artem\Desktop\Курсовик  ООП\Lab2\Debug\link.5084-cvtres.read.1.tlog
C:\Users\Artem\Desktop\Курсовик  ООП\Lab2\Debug\link.5084-cvtres.write.1.tlog
C:\Users\Artem\Desktop\Курсовик  ООП\Lab2\Debug\link.5084.read.1.tlog
C:\Users\Artem\Desktop\Курсовик  ООП\Lab2\Debug\link.5084.write.1.tlog
C:\Users\Artem\Desktop\Курсовик  ООП\Lab2\Debug\link.5168-cvtres.read.1.tlog
C:\Users\Artem\Desktop\Курсовик  ООП\Lab2\Debug\link.5168-cvtres.write.1.tlog
C:\Users\Artem\Desktop\Курсовик  ООП\Lab2\Debug\link.5168.read.1.tlog
C:\Users\Artem\Desktop\Курсовик  ООП\Lab2\Debug\link.5168.write.1.tlog
C:\Users\Artem\Desktop\Курсовик  ООП\Lab2\Debug\link.5312-cvtres.read.1.tlog
C:\Users\Artem\Desktop\Курсовик  ООП\Lab2\Debug\link.5312-cvtres.write.1.tlog
C:\Users\Artem\Desktop\Курсовик  ООП\Lab2\Debug\link.5312.read.1.tlog
C:\Users\Artem\Desktop\Курсовик  ООП\Lab2\Debug\link.5312.write.1.tlog
C:\Users\Artem\Desktop\Курсовик  ООП\Lab2\Debug\link.5420-cvtres.read.1.tlog
C:\Users\Artem\Desktop\Курсовик  ООП\Lab2\Debug\link.5420-cvtres.write.1.tlog
C:\Users\Artem\Desktop\Курсовик  ООП\Lab2\Debug\link.5420.read.1.tlog
C:\Users\Artem\Desktop\Курсовик  ООП\Lab2\Debug\link.5420.write.1.tlog
C:\Users\Artem\Desktop\Курсовик  ООП\Lab2\Debug\link.5492-cvtres.read.1.tlog
C:\Users\Artem\Desktop\Курсовик  ООП\Lab2\Debug\link.5492-cvtres.write.1.tlog
C:\Users\Artem\Desktop\Курсовик  ООП\Lab2\Debug\link.5492.read.1.tlog
C:\Users\Artem\Desktop\Курсовик  ООП\Lab2\Debug\link.5492.write.1.tlog
C:\Users\Artem\Desktop\Курсовик  ООП\Lab2\Debug\link.5648-cvtres.read.1.tlog
C:\Users\Artem\Desktop\Курсовик  ООП\Lab2\Debug\link.5648-cvtres.write.1.tlog
C:\Users\Artem\Desktop\Курсовик  ООП\Lab2\Debug\link.5648.read.1.tlog
C:\Users\Artem\Desktop\Курсовик  ООП\Lab2\Debug\link.5648.write.1.tlog
C:\Users\Artem\Desktop\Курсовик  ООП\Lab2\Debug\link.5832-cvtres.read.1.tlog
C:\Users\Artem\Desktop\Курсовик  ООП\Lab2\Debug\link.5832-cvtres.write.1.tlog
C:\Users\Artem\Desktop\Курсовик  ООП\Lab2\Debug\link.5832.read.1.tlog
C:\Users\Artem\Desktop\Курсовик  ООП\Lab2\Debug\link.5832.write.1.tlog
C:\Users\Artem\Desktop\Курсовик  ООП\Lab2\Debug\link.5876-cvtres.read.1.tlog
C:\Users\Artem\Desktop\Курсовик  ООП\Lab2\Debug\link.5876-cvtres.write.1.tlog
C:\Users\Artem\Desktop\Курсовик  ООП\Lab2\Debug\link.5876.read.1.tlog
C:\Users\Artem\Desktop\Курсовик  ООП\Lab2\Debug\link.5876.write.1.tlog
C:\Users\Artem\Desktop\Курсовик  ООП\Lab2\Debug\link.6080-cvtres.read.1.tlog
C:\Users\Artem\Desktop\Курсовик  ООП\Lab2\Debug\link.6080-cvtres.write.1.tlog
C:\Users\Artem\Desktop\Курсовик  ООП\Lab2\Debug\link.6080.read.1.tlog
C:\Users\Artem\Desktop\Курсовик  ООП\Lab2\Debug\link.6080.write.1.tlog
C:\Users\Artem\Desktop\Курсовик  ООП\Lab2\Debug\link.command.1.tlog
C:\Users\Artem\Desktop\Курсовик  ООП\Lab2\Debug\link.read.1.tlog
C:\Users\Artem\Desktop\Курсовик  ООП\Lab2\Debug\link.write.1.tlog
C:\Users\Artem\Desktop\Курсовик  ООП\Lab2\Debug\mt.command.1.tlog
C:\Users\Artem\Desktop\Курсовик  ООП\Lab2\Debug\mt.read.1.tlog
C:\Users\Artem\Desktop\Курсовик  ООП\Lab2\Debug\mt.write.1.tlog
C:\Users\Artem\Desktop\Курсовик  ООП\Lab2\Debug\rc.command.1.tlog
C:\Users\Artem\Desktop\Курсовик  ООП\Lab2\Debug\rc.read.1.tlog
C:\Users\Artem\Desktop\Курсовик  ООП\Lab2\Debug\rc.write.1.tlog
C:\Users\Artem\Desktop\Курсовик  ООП\Lab2\Debug\Lab2.exe.embed.manifest
C:\Users\Artem\Desktop\Курсовик  ООП\Lab2\Debug\Lab2.exe.intermediate.manifest
C:\Users\Artem\Desktop\Курсовик  ООП\Lab2\Debug\Lab2.exe.embed.manifest.res
C:\Users\Artem\Desktop\Курсовик  ООП\Lab2\Debug\Lab2.pch
C:\Users\Artem\Desktop\Курсовик  ООП\Lab2\Debug\vc100.idb
C:\Users\Artem\Desktop\Курсовик  ООП\Lab2\Debug\vc110.idb
C:\Users\Artem\Desktop\Курсовик  ООП\Lab2\Debug\vc100.pdb
C:\Users\Artem\Desktop\Курсовик  ООП\Lab2\Debug\vc110.pdb
C:\Users\Artem\Desktop\Курсовик  ООП\Lab2\Debug\Lab2_manifest.rc
C:\Users\Artem\Desktop\Курсовик  ООП\Debug\Lab2.pdb
