d:\семестр 3\ооп\лабы\курсовик\курсовик\release\курсовик.pch.codeanalysis
d:\семестр 3\ооп\лабы\курсовик\курсовик\release\vc120.pdb
d:\семестр 3\ооп\лабы\курсовик\курсовик\release\курсовик.pch.codeanalysisast
d:\семестр 3\ооп\лабы\курсовик\курсовик\release\stdafx.nativecodeanalysis.xml
d:\семестр 3\ооп\лабы\курсовик\курсовик\release\stdafx.obj
d:\семестр 3\ооп\лабы\курсовик\курсовик\release\курсовик.nativecodeanalysis.xml
d:\семестр 3\ооп\лабы\курсовик\курсовик\release\vehicle.nativecodeanalysis.xml
d:\семестр 3\ооп\лабы\курсовик\курсовик\release\truck.nativecodeanalysis.xml
d:\семестр 3\ооп\лабы\курсовик\курсовик\release\taxi.nativecodeanalysis.xml
d:\семестр 3\ооп\лабы\курсовик\курсовик\release\suv.nativecodeanalysis.xml
d:\семестр 3\ооп\лабы\курсовик\курсовик\release\car.nativecodeanalysis.xml
d:\семестр 3\ооп\лабы\курсовик\курсовик\release\bus.nativecodeanalysis.xml
d:\семестр 3\ооп\лабы\курсовик\курсовик\release\assemblyinfo.nativecodeanalysis.xml
d:\семестр 3\ооп\лабы\курсовик\курсовик\release\assemblyinfo.obj
d:\семестр 3\ооп\лабы\курсовик\курсовик\release\bus.obj
d:\семестр 3\ооп\лабы\курсовик\курсовик\release\car.obj
d:\семестр 3\ооп\лабы\курсовик\курсовик\release\suv.obj
d:\семестр 3\ооп\лабы\курсовик\курсовик\release\taxi.obj
d:\семестр 3\ооп\лабы\курсовик\курсовик\release\truck.obj
d:\семестр 3\ооп\лабы\курсовик\курсовик\release\vehicle.obj
d:\семестр 3\ооп\лабы\курсовик\курсовик\release\курсовик.obj
d:\семестр 3\ооп\лабы\курсовик\курсовик\release\.netframework,version=v4.5.assemblyattributes.nativecodeanalysis.xml
d:\семестр 3\ооп\лабы\курсовик\курсовик\release\.netframework,version=v4.5.assemblyattributes.obj
d:\семестр 3\ооп\лабы\курсовик\release\курсовик.exe
d:\семестр 3\ооп\лабы\курсовик\release\курсовик.pdb
d:\семестр 3\ооп\лабы\курсовик\курсовик\release\app.res
d:\семестр 3\ооп\лабы\курсовик\курсовик\release\курсовик.form1.resources
d:\семестр 3\ооп\лабы\курсовик\курсовик\release\курсовик.vcxproj.generateresource.cache
d:\семестр 3\ооп\лабы\курсовик\курсовик\release\курсовик.vcxprojresolveassemblyreference.cache
d:\семестр 3\ооп\лабы\курсовик\курсовик\release\nativecodeanalysis.read.1.tlog
d:\семестр 3\ооп\лабы\курсовик\курсовик\release\vc.nativecodeanalysis.all.xml
d:\семестр 3\ооп\лабы\курсовик\release\курсовик.exe.lastcodeanalysissucceeded
d:\семестр 3\ооп\лабы\курсовик\курсовик\release\курсовик.tlog\cl.command.1.tlog
d:\семестр 3\ооп\лабы\курсовик\курсовик\release\курсовик.tlog\cl.read.1.tlog
d:\семестр 3\ооп\лабы\курсовик\курсовик\release\курсовик.tlog\cl.write.1.tlog
d:\семестр 3\ооп\лабы\курсовик\курсовик\release\курсовик.tlog\link.command.1.tlog
d:\семестр 3\ооп\лабы\курсовик\курсовик\release\курсовик.tlog\link.read.1.tlog
d:\семестр 3\ооп\лабы\курсовик\курсовик\release\курсовик.tlog\link.write.1.tlog
d:\семестр 3\ооп\лабы\курсовик\курсовик\release\курсовик.tlog\metagen.read.1.tlog
d:\семестр 3\ооп\лабы\курсовик\курсовик\release\курсовик.tlog\metagen.write.1.tlog
d:\семестр 3\ооп\лабы\курсовик\курсовик\release\курсовик.tlog\rc.command.1.tlog
d:\семестр 3\ооп\лабы\курсовик\курсовик\release\курсовик.tlog\rc.read.1.tlog
d:\семестр 3\ооп\лабы\курсовик\курсовик\release\курсовик.tlog\rc.write.1.tlog
d:\семестр 3\ооп\лабы\курсовик\курсовик\release\курсовик.tlog\курсовик.write.1u.tlog
d:\семестр 3\ооп\лабы\курсовик\курсовик\release\курсовик.tlog\msxml6r.dll.bi
d:\семестр 3\ооп\лабы\курсовик\курсовик\release\курсовик.tlog\rsaenh.dll.bi
d:\семестр 3\ооп\лабы\курсовик\курсовик\release\курсовик.tlog\tzres.dll.bi
